xmsim(64): 22.03-s012: (c) Copyright 1995-2023 Cadence Design Systems, Inc.
TOOL:	xmsim(64)	22.03-s012: Started on Jul 01, 2026 at 20:22:09 KST
xmsim
    -MESS
    tb_data_bus_driver
    -gui

xmsim: *W,NOMTDGUI: Multi-Threaded Dumping is disabled for interactive debug mode.

-------------------------------------
Relinquished control to SimVision...
xcelium> 
xcelium> database -open waves -into waves.shm -default
Created default SHM database waves
xcelium> probe -create -shm tb_data_bus_driver.o_bus_data tb_data_bus_driver.i_en_b tb_data_bus_driver.i_en_a tb_data_bus_driver.i_data_b tb_data_bus_driver.i_data_a
Created probe 1
xcelium> run
Time=0 | en_A=0, data_A=10101010 | en_B=0, data_B=11001100 | bus_data=zzzzzzzz
Time=10000 | en_A=1, data_A=10101010 | en_B=0, data_B=11001100 | bus_data=10101010
Time=20000 | en_A=0, data_A=10101010 | en_B=1, data_B=11001100 | bus_data=11001100
Time=30000 | en_A=1, data_A=10101010 | en_B=1, data_B=11001100 | bus_data=10101010
Time=40000 | en_A=0, data_A=10101010 | en_B=0, data_B=11001100 | bus_data=zzzzzzzz
Simulation complete via $finish(1) at time 50 NS + 0
./tb_data_bus_driver.v:41     $finish;
xcelium> ^C
xcelium> exit
TOOL:	xmsim(64)	22.03-s012: Exiting on Jul 01, 2026 at 20:26:51 KST  (total: 00:04:42)
