xmsim(64): 22.03-s012: (c) Copyright 1995-2023 Cadence Design Systems, Inc.
TOOL:	xmsim(64)	22.03-s012: Started on Jul 01, 2026 at 18:26:51 KST
xmsim
    -MESS
    tb_decoder
    -gui

xmsim: *W,NOMTDGUI: Multi-Threaded Dumping is disabled for interactive debug mode.

-------------------------------------
Relinquished control to SimVision...
xcelium> 
xcelium> database -open waves -into waves.shm -default
Created default SHM database waves
xcelium> probe -create -shm tb_decoder.uut.i_bcd tb_decoder.uut.o_seg
Created probe 1
xcelium> run
Time=0 | i_bcd Input=0000 | Seven Segment Output=1111110
Time=10000 | i_bcd Input=0001 | Seven Segment Output=0110000
Time=20000 | i_bcd Input=0010 | Seven Segment Output=1101101
Time=30000 | i_bcd Input=0011 | Seven Segment Output=1111001
Time=40000 | i_bcd Input=0100 | Seven Segment Output=0110011
Time=50000 | i_bcd Input=0101 | Seven Segment Output=1011011
Time=60000 | i_bcd Input=0110 | Seven Segment Output=1011111
Time=70000 | i_bcd Input=0111 | Seven Segment Output=1110000
Time=80000 | i_bcd Input=1000 | Seven Segment Output=1111111
Time=90000 | i_bcd Input=1001 | Seven Segment Output=1111011
Simulation complete via $finish(1) at time 100 NS + 0
./tb_decoder.v:39     $finish;
xcelium> run -step
xmsim: *E,RNFNSH: Cannot continue simulation due to a previous $finish.
xcelium> ^C
xcelium> exit
TOOL:	xmsim(64)	22.03-s012: Exiting on Jul 01, 2026 at 18:49:59 KST  (total: 00:23:08)
