
Cadence Innovus(TM) Implementation System.
Copyright 2022 Cadence Design Systems, Inc. All rights reserved worldwide.

Version:	v22.17-s086_1, built Tue Sep 24 10:51:50 PDT 2024
Options:	
Date:		Thu Jun 25 00:37:56 2026
Host:		kopo-seongnam (x86_64 w/Linux 3.10.0-1160.el7.x86_64) (20cores*80cpus*Intel(R) Xeon(R) Gold 5218R CPU @ 2.10GHz 28160KB)
OS:		CentOS Linux 7 (Core)

License:
		[00:37:56.163241] Configured Lic search path (22.01-s003): 5280@172.31.52.241

		invs	Innovus Implementation System	22.1	Denied
		invsb	Innovus Implementation System Basic	22.1	checkout succeeded
		4 CPU jobs allowed with the current license(s). Use setMultiCpuUsage to set your required CPU count.
**ERROR: (IMPOAX-8053):	Could not open shared library libinnovusoax22.so : liboaPrivateCDS.so: cannot open shared object file: No such file or directory.
**ERROR: (IMPOAX-8053):	Could not open shared library libcdsSkillPcell.so : /tools/cadence/DDI221/INNOVUS221/tools.lnx86/innovus/bin/64bit/../../../lib/64bit/libcdsSkillPcell.so: undefined symbol: _ZTIN12OpenAccess_413oaFSComponentE.
**ERROR: (IMPOAX-8033):	OpenAccess features will be disabled in this session.
Change the soft stacksize limit to 0.2%RAM (770 mbytes). Set global soft_stack_size_limit to change the value.

**INFO:  MMMC transition support version v31-84 

<CMD> set_global _enable_mmmc_by_default_flow      $CTE::mmmc_default
<CMD> suppressMessage ENCEXT-2799
<CMD> getVersion
[INFO] Loading PVS 20.11 fill procedures
<CMD> win
<CMD> set enc_check_rename_command_name 1
invalid command name "quit"

*** Memory Usage v#1 (Current mem = 1607.598M, initial mem = 654.371M) ***
*** Message Summary: 0 warning(s), 3 error(s)

--- Ending "Innovus" (totcpu=0:00:32.1, real=0:01:05, mem=1607.6M) ---
